<?xml version="1.0" encoding="UTF-8"?>
<!-- Generated by org.testng.reporters.JUnitXMLReporter -->
<testsuite ignored="0" hostname="DESKTOP-L4KA37L" failures="0" tests="2" name="Default test" time="18.297" errors="0" timestamp="07 Sep 2021 17:52:51 GMT">
  <testcase classname="com.wiki.qa.testcases.CreateAccountTest" name="CreateAccountPageInputTest" time="0.88"/>
  <testcase classname="com.wiki.qa.testcases.CreateAccountTest" name="uploadfileclickTest" time="3.327"/>
</testsuite> <!-- Default test -->
