<?xml version="1.0" encoding="UTF-8"?>
<testng-results ignored="0" total="2" passed="2" failed="0" skipped="0">
  <reporter-output>
  </reporter-output>
  <suite started-at="2021-09-07T17:52:33Z" name="Default suite" finished-at="2021-09-07T17:52:51Z" duration-ms="18297">
    <groups>
    </groups>
    <test started-at="2021-09-07T17:52:33Z" name="Default test" finished-at="2021-09-07T17:52:51Z" duration-ms="18297">
      <class name="com.wiki.qa.testcases.CreateAccountTest">
        <test-method is-config="true" signature="StartBrowser()[pri:0, instance:com.wiki.qa.testcases.CreateAccountTest@5b67bb7e]" started-at="2021-09-07T17:52:33Z" name="StartBrowser" finished-at="2021-09-07T17:52:47Z" duration-ms="14045" status="PASS">
          <reporter-output>
          </reporter-output>
        </test-method> <!-- StartBrowser -->
        <test-method signature="CreateAccountPageInputTest()[pri:49, instance:com.wiki.qa.testcases.CreateAccountTest@5b67bb7e]" started-at="2021-09-07T17:52:47Z" name="CreateAccountPageInputTest" finished-at="2021-09-07T17:52:48Z" duration-ms="880" status="PASS">
          <reporter-output>
          </reporter-output>
        </test-method> <!-- CreateAccountPageInputTest -->
        <test-method signature="uploadfileclickTest()[pri:50, instance:com.wiki.qa.testcases.CreateAccountTest@5b67bb7e]" started-at="2021-09-07T17:52:48Z" name="uploadfileclickTest" finished-at="2021-09-07T17:52:51Z" duration-ms="3327" status="PASS">
          <reporter-output>
          </reporter-output>
        </test-method> <!-- uploadfileclickTest -->
      </class> <!-- com.wiki.qa.testcases.CreateAccountTest -->
    </test> <!-- Default test -->
  </suite> <!-- Default suite -->
</testng-results>
